<?xml version="1.0" encoding="UTF-8"?>
<testng-results ignored="2" total="7" passed="3" failed="2" skipped="0">
  <reporter-output>
  </reporter-output>
  <suite started-at="2025-03-14T17:24:02 IST" name="Suite" finished-at="2025-03-14T17:24:28 IST" duration-ms="25345">
    <groups>
      <group name="Integration">
        <method signature="CreateStaffAndVerifyTestNew.staffActiveMemberTest()[pri:0, instance:com.comcast.HMS.staff.CreateStaffAndVerifyTestNew@145f66e3]" name="staffActiveMemberTest" class="com.comcast.HMS.staff.CreateStaffAndVerifyTestNew"/>
        <method signature="PatientBatchTest.patientOPDdocDetailsTest()[pri:0, instance:com.camcast.HMS.patient.PatientBatchTest@49e53c76]" name="patientOPDdocDetailsTest" class="com.camcast.HMS.patient.PatientBatchTest"/>
        <method signature="CreateStaffAndVerifyTestNew.staffActiveMemberTest()[pri:0, instance:com.comcast.HMS.staff.CreateStaffAndVerifyTestNew@5b7a5baa]" name="staffActiveMemberTest" class="com.comcast.HMS.staff.CreateStaffAndVerifyTestNew"/>
        <method signature="PatientBatchTest.patientOPDdocDetailsTest()[pri:0, instance:com.camcast.HMS.patient.PatientBatchTest@5bf0d49]" name="patientOPDdocDetailsTest" class="com.camcast.HMS.patient.PatientBatchTest"/>
      </group> <!-- Integration -->
      <group name="System">
        <method signature="CreateStaffAndVerifyTestNew.createDocAndVerifyTest()[pri:0, instance:com.comcast.HMS.staff.CreateStaffAndVerifyTestNew@145f66e3]" name="createDocAndVerifyTest" class="com.comcast.HMS.staff.CreateStaffAndVerifyTestNew"/>
        <method signature="PatientBatchTest.createPatientAndAdmittTest()[pri:0, instance:com.camcast.HMS.patient.PatientBatchTest@49e53c76]" name="createPatientAndAdmittTest" class="com.camcast.HMS.patient.PatientBatchTest"/>
        <method signature="PatientBatchTest.patientInfoCheckTest()[pri:0, instance:com.camcast.HMS.patient.PatientBatchTest@49e53c76]" name="patientInfoCheckTest" class="com.camcast.HMS.patient.PatientBatchTest"/>
        <method signature="CreateStaffAndVerifyTestNew.createDocAndVerifyTest()[pri:0, instance:com.comcast.HMS.staff.CreateStaffAndVerifyTestNew@5b7a5baa]" name="createDocAndVerifyTest" class="com.comcast.HMS.staff.CreateStaffAndVerifyTestNew"/>
        <method signature="PatientBatchTest.createPatientAndAdmittTest()[pri:0, instance:com.camcast.HMS.patient.PatientBatchTest@5bf0d49]" name="createPatientAndAdmittTest" class="com.camcast.HMS.patient.PatientBatchTest"/>
        <method signature="PatientBatchTest.patientInfoCheckTest()[pri:0, instance:com.camcast.HMS.patient.PatientBatchTest@5bf0d49]" name="patientInfoCheckTest" class="com.camcast.HMS.patient.PatientBatchTest"/>
      </group> <!-- System -->
    </groups>
    <test started-at="2025-03-14T17:24:02 IST" name="Test Runner - Chrome" finished-at="2025-03-14T17:24:28 IST" duration-ms="25345">
      <class name="com.camcast.HMS.patient.PatientBatchTest">
        <test-method is-config="true" signature="configBC(java.lang.String)[pri:0, instance:com.camcast.HMS.patient.PatientBatchTest@49e53c76]" started-at="2025-03-14T17:24:02 IST" name="configBC" finished-at="2025-03-14T17:24:04 IST" duration-ms="1935" status="PASS">
          <params>
            <param index="0">
              <value>
                <![CDATA[chrome]]>
              </value>
            </param>
          </params>
          <reporter-output>
          </reporter-output>
        </test-method> <!-- configBC -->
        <test-method is-config="true" signature="configBM()[pri:0, instance:com.camcast.HMS.patient.PatientBatchTest@49e53c76]" started-at="2025-03-14T17:24:04 IST" name="configBM" finished-at="2025-03-14T17:24:06 IST" duration-ms="1362" status="PASS">
          <reporter-output>
          </reporter-output>
        </test-method> <!-- configBM -->
        <test-method signature="createPatientAndAdmittTest()[pri:0, instance:com.camcast.HMS.patient.PatientBatchTest@49e53c76]" started-at="2025-03-14T17:24:06 IST" name="createPatientAndAdmittTest" finished-at="2025-03-14T17:24:13 IST" duration-ms="7628" status="FAIL">
          <exception class="org.openqa.selenium.NoSuchElementException">
            <message>
              <![CDATA[Cannot locate option with index: 4
For documentation on this error, please visit: https://www.selenium.dev/documentation/webdriver/troubleshooting/errors#no-such-element-exception
Build info: version: '4.29.0', revision: '5fc1ec94cb'
System info: os.name: 'Windows 11', os.arch: 'amd64', os.version: '10.0', java.version: '22.0.1'
Driver info: driver.version: unknown]]>
            </message>
            <full-stacktrace>
              <![CDATA[org.openqa.selenium.NoSuchElementException: Cannot locate option with index: 4
For documentation on this error, please visit: https://www.selenium.dev/documentation/webdriver/troubleshooting/errors#no-such-element-exception
Build info: version: '4.29.0', revision: '5fc1ec94cb'
System info: os.name: 'Windows 11', os.arch: 'amd64', os.version: '10.0', java.version: '22.0.1'
Driver info: driver.version: unknown
at org.openqa.selenium.support.ui.Select.setSelectedByIndex(Select.java:407)
at org.openqa.selenium.support.ui.Select.selectByIndex(Select.java:262)
at comcastHMSobjectRepository.PatientAdmitREGForm.Romno(PatientAdmitREGForm.java:60)
at com.camcast.HMS.patient.PatientBatchTest.createPatientAndAdmittTest(PatientBatchTest.java:72)
at java.base/jdk.internal.reflect.DirectMethodHandleAccessor.invoke(DirectMethodHandleAccessor.java:103)
at java.base/java.lang.reflect.Method.invoke(Method.java:580)
at org.testng.internal.MethodInvocationHelper.invokeMethod(MethodInvocationHelper.java:133)
at org.testng.internal.TestInvoker.invokeMethod(TestInvoker.java:598)
at org.testng.internal.TestInvoker.invokeTestMethod(TestInvoker.java:173)
at org.testng.internal.MethodRunner.runInSequence(MethodRunner.java:46)
at org.testng.internal.TestInvoker$MethodInvocationAgent.invoke(TestInvoker.java:824)
at org.testng.internal.TestInvoker.invokeTestMethods(TestInvoker.java:146)
at org.testng.internal.TestMethodWorker.invokeTestMethods(TestMethodWorker.java:146)
at org.testng.internal.TestMethodWorker.run(TestMethodWorker.java:128)
at java.base/java.util.ArrayList.forEach(ArrayList.java:1597)
at org.testng.TestRunner.privateRun(TestRunner.java:794)
at org.testng.TestRunner.run(TestRunner.java:596)
at org.testng.SuiteRunner.runTest(SuiteRunner.java:377)
at org.testng.SuiteRunner.access$000(SuiteRunner.java:28)
at org.testng.SuiteRunner$SuiteWorker.run(SuiteRunner.java:418)
at org.testng.internal.thread.ThreadUtil.lambda$execute$0(ThreadUtil.java:64)
at java.base/java.util.concurrent.FutureTask.run(FutureTask.java:317)
at java.base/java.util.concurrent.ThreadPoolExecutor.runWorker(ThreadPoolExecutor.java:1144)
at java.base/java.util.concurrent.ThreadPoolExecutor$Worker.run(ThreadPoolExecutor.java:642)
at java.base/java.lang.Thread.run(Thread.java:1570)
]]>
            </full-stacktrace>
          </exception> <!-- org.openqa.selenium.NoSuchElementException -->
          <reporter-output>
          </reporter-output>
        </test-method> <!-- createPatientAndAdmittTest -->
        <test-method is-config="true" signature="configAM()[pri:0, instance:com.camcast.HMS.patient.PatientBatchTest@49e53c76]" started-at="2025-03-14T17:24:14 IST" name="configAM" finished-at="2025-03-14T17:24:14 IST" duration-ms="2" status="PASS">
          <reporter-output>
          </reporter-output>
        </test-method> <!-- configAM -->
        <test-method is-config="true" signature="configBM()[pri:0, instance:com.camcast.HMS.patient.PatientBatchTest@49e53c76]" started-at="2025-03-14T17:24:14 IST" name="configBM" finished-at="2025-03-14T17:24:14 IST" duration-ms="315" status="PASS">
          <reporter-output>
          </reporter-output>
        </test-method> <!-- configBM -->
        <test-method signature="patientInfoCheckTest()[pri:0, instance:com.camcast.HMS.patient.PatientBatchTest@49e53c76]" started-at="2025-03-14T17:24:14 IST" name="patientInfoCheckTest" finished-at="2025-03-14T17:24:15 IST" duration-ms="810" status="PASS">
          <reporter-output>
          </reporter-output>
        </test-method> <!-- patientInfoCheckTest -->
        <test-method is-config="true" signature="configAM()[pri:0, instance:com.camcast.HMS.patient.PatientBatchTest@49e53c76]" started-at="2025-03-14T17:24:15 IST" name="configAM" finished-at="2025-03-14T17:24:15 IST" duration-ms="1" status="PASS">
          <reporter-output>
          </reporter-output>
        </test-method> <!-- configAM -->
        <test-method is-config="true" signature="configBM()[pri:0, instance:com.camcast.HMS.patient.PatientBatchTest@49e53c76]" started-at="2025-03-14T17:24:15 IST" name="configBM" finished-at="2025-03-14T17:24:15 IST" duration-ms="238" status="PASS">
          <reporter-output>
          </reporter-output>
        </test-method> <!-- configBM -->
        <test-method signature="patientOPDdocDetailsTest()[pri:0, instance:com.camcast.HMS.patient.PatientBatchTest@49e53c76]" started-at="2025-03-14T17:24:15 IST" name="patientOPDdocDetailsTest" finished-at="2025-03-14T17:24:17 IST" duration-ms="2009" status="FAIL">
          <exception class="java.lang.AssertionError">
            <message>
              <![CDATA[expected [http://49.249.28.218:8081/AppServer/Health_Care_Hospital_System/admitdf.php?id=%2021] but found [http://49.249.28.218:8081/AppServer/Health_Care_Hospital_System/admitdf.php?id=%209]]]>
            </message>
            <full-stacktrace>
              <![CDATA[java.lang.AssertionError: expected [http://49.249.28.218:8081/AppServer/Health_Care_Hospital_System/admitdf.php?id=%2021] but found [http://49.249.28.218:8081/AppServer/Health_Care_Hospital_System/admitdf.php?id=%209]
at org.testng.Assert.fail(Assert.java:99)
at org.testng.Assert.failNotEquals(Assert.java:1037)
at org.testng.Assert.assertEqualsImpl(Assert.java:140)
at org.testng.Assert.assertEquals(Assert.java:122)
at org.testng.Assert.assertEquals(Assert.java:629)
at org.testng.Assert.assertEquals(Assert.java:639)
at com.camcast.HMS.patient.PatientBatchTest.patientOPDdocDetailsTest(PatientBatchTest.java:107)
at java.base/jdk.internal.reflect.DirectMethodHandleAccessor.invoke(DirectMethodHandleAccessor.java:103)
at java.base/java.lang.reflect.Method.invoke(Method.java:580)
at org.testng.internal.MethodInvocationHelper.invokeMethod(MethodInvocationHelper.java:133)
at org.testng.internal.TestInvoker.invokeMethod(TestInvoker.java:598)
at org.testng.internal.TestInvoker.invokeTestMethod(TestInvoker.java:173)
at org.testng.internal.MethodRunner.runInSequence(MethodRunner.java:46)
at org.testng.internal.TestInvoker$MethodInvocationAgent.invoke(TestInvoker.java:824)
at org.testng.internal.TestInvoker.invokeTestMethods(TestInvoker.java:146)
at org.testng.internal.TestMethodWorker.invokeTestMethods(TestMethodWorker.java:146)
at org.testng.internal.TestMethodWorker.run(TestMethodWorker.java:128)
at java.base/java.util.ArrayList.forEach(ArrayList.java:1597)
at org.testng.TestRunner.privateRun(TestRunner.java:794)
at org.testng.TestRunner.run(TestRunner.java:596)
at org.testng.SuiteRunner.runTest(SuiteRunner.java:377)
at org.testng.SuiteRunner.access$000(SuiteRunner.java:28)
at org.testng.SuiteRunner$SuiteWorker.run(SuiteRunner.java:418)
at org.testng.internal.thread.ThreadUtil.lambda$execute$0(ThreadUtil.java:64)
at java.base/java.util.concurrent.FutureTask.run(FutureTask.java:317)
at java.base/java.util.concurrent.ThreadPoolExecutor.runWorker(ThreadPoolExecutor.java:1144)
at java.base/java.util.concurrent.ThreadPoolExecutor$Worker.run(ThreadPoolExecutor.java:642)
at java.base/java.lang.Thread.run(Thread.java:1570)
]]>
            </full-stacktrace>
          </exception> <!-- java.lang.AssertionError -->
          <reporter-output>
          </reporter-output>
        </test-method> <!-- patientOPDdocDetailsTest -->
        <test-method is-config="true" signature="configAM()[pri:0, instance:com.camcast.HMS.patient.PatientBatchTest@49e53c76]" started-at="2025-03-14T17:24:18 IST" name="configAM" finished-at="2025-03-14T17:24:18 IST" duration-ms="1" status="PASS">
          <reporter-output>
          </reporter-output>
        </test-method> <!-- configAM -->
        <test-method is-config="true" signature="configAC()[pri:0, instance:com.camcast.HMS.patient.PatientBatchTest@49e53c76]" started-at="2025-03-14T17:24:18 IST" name="configAC" finished-at="2025-03-14T17:24:18 IST" duration-ms="285" status="PASS">
          <reporter-output>
          </reporter-output>
        </test-method> <!-- configAC -->
      </class> <!-- com.camcast.HMS.patient.PatientBatchTest -->
      <class name="com.comcast.HMS.staff.CreateStaffAndVerifyTestNew">
        <test-method is-config="true" signature="configBC(java.lang.String)[pri:0, instance:com.comcast.HMS.staff.CreateStaffAndVerifyTestNew@145f66e3]" started-at="2025-03-14T17:24:18 IST" name="configBC" finished-at="2025-03-14T17:24:19 IST" duration-ms="1125" status="PASS">
          <params>
            <param index="0">
              <value>
                <![CDATA[chrome]]>
              </value>
            </param>
          </params>
          <reporter-output>
          </reporter-output>
        </test-method> <!-- configBC -->
        <test-method is-config="true" signature="configBM()[pri:0, instance:com.comcast.HMS.staff.CreateStaffAndVerifyTestNew@145f66e3]" started-at="2025-03-14T17:24:19 IST" name="configBM" finished-at="2025-03-14T17:24:20 IST" duration-ms="1127" status="PASS">
          <reporter-output>
          </reporter-output>
        </test-method> <!-- configBM -->
        <test-method signature="createDocAndVerifyTest()[pri:0, instance:com.comcast.HMS.staff.CreateStaffAndVerifyTestNew@145f66e3]" started-at="2025-03-14T17:24:20 IST" name="createDocAndVerifyTest" finished-at="2025-03-14T17:24:25 IST" duration-ms="5038" status="PASS">
          <reporter-output>
          </reporter-output>
        </test-method> <!-- createDocAndVerifyTest -->
        <test-method is-config="true" signature="configAM()[pri:0, instance:com.comcast.HMS.staff.CreateStaffAndVerifyTestNew@145f66e3]" started-at="2025-03-14T17:24:25 IST" name="configAM" finished-at="2025-03-14T17:24:25 IST" duration-ms="1" status="PASS">
          <reporter-output>
          </reporter-output>
        </test-method> <!-- configAM -->
        <test-method is-config="true" signature="configBM()[pri:0, instance:com.comcast.HMS.staff.CreateStaffAndVerifyTestNew@145f66e3]" started-at="2025-03-14T17:24:25 IST" name="configBM" finished-at="2025-03-14T17:24:25 IST" duration-ms="227" status="PASS">
          <reporter-output>
          </reporter-output>
        </test-method> <!-- configBM -->
        <test-method signature="staffActiveMemberTest()[pri:0, instance:com.comcast.HMS.staff.CreateStaffAndVerifyTestNew@145f66e3]" started-at="2025-03-14T17:24:25 IST" name="staffActiveMemberTest" finished-at="2025-03-14T17:24:27 IST" duration-ms="1867" status="PASS">
          <reporter-output>
          </reporter-output>
        </test-method> <!-- staffActiveMemberTest -->
        <test-method is-config="true" signature="configAM()[pri:0, instance:com.comcast.HMS.staff.CreateStaffAndVerifyTestNew@145f66e3]" started-at="2025-03-14T17:24:27 IST" name="configAM" finished-at="2025-03-14T17:24:27 IST" duration-ms="10" status="PASS">
          <reporter-output>
          </reporter-output>
        </test-method> <!-- configAM -->
        <test-method is-config="true" signature="configAC()[pri:0, instance:com.comcast.HMS.staff.CreateStaffAndVerifyTestNew@145f66e3]" started-at="2025-03-14T17:24:27 IST" name="configAC" finished-at="2025-03-14T17:24:28 IST" duration-ms="251" status="PASS">
          <reporter-output>
          </reporter-output>
        </test-method> <!-- configAC -->
      </class> <!-- com.comcast.HMS.staff.CreateStaffAndVerifyTestNew -->
    </test> <!-- Test Runner - Chrome -->
  </suite> <!-- Suite -->
</testng-results>
