<?xml version="1.0" encoding="UTF-8"?>
<!-- Generated by org.testng.reporters.JUnitXMLReporter -->
<testsuite ignored="0" hostname="INBOOK_X2_PLUS" failures="2" tests="3" name="TestRunner-Chrome" time="17.663" errors="0" timestamp="2025-03-14T16:05:50 IST">
  <testcase classname="com.camcast.HMS.patient.PatientBatchTest" name="createPatientAndAdmittTest" time="8.367">
    <failure type="org.openqa.selenium.NoSuchElementException" message="Cannot locate option with index: 4
For documentation on this error, please visit: https://www.selenium.dev/documentation/webdriver/troubleshooting/errors#no-such-element-exception
Build info: version: &amp;apos;4.29.0&amp;apos;, revision: &amp;apos;5fc1ec94cb&amp;apos;
System info: os.name: &amp;apos;Windows 11&amp;apos;, os.arch: &amp;apos;amd64&amp;apos;, os.version: &amp;apos;10.0&amp;apos;, java.version: &amp;apos;22.0.1&amp;apos;
Driver info: driver.version: unknown">
      <![CDATA[org.openqa.selenium.NoSuchElementException: Cannot locate option with index: 4
For documentation on this error, please visit: https://www.selenium.dev/documentation/webdriver/troubleshooting/errors#no-such-element-exception
Build info: version: '4.29.0', revision: '5fc1ec94cb'
System info: os.name: 'Windows 11', os.arch: 'amd64', os.version: '10.0', java.version: '22.0.1'
Driver info: driver.version: unknown
at org.openqa.selenium.support.ui.Select.setSelectedByIndex(Select.java:407)
at org.openqa.selenium.support.ui.Select.selectByIndex(Select.java:262)
at comcastHMSobjectRepository.PatientAdmitREGForm.Romno(PatientAdmitREGForm.java:60)
at com.camcast.HMS.patient.PatientBatchTest.createPatientAndAdmittTest(PatientBatchTest.java:72)
at java.base/java.util.ArrayList.forEach(ArrayList.java:1597)
at java.base/java.util.concurrent.FutureTask.run(FutureTask.java:317)
at java.base/java.util.concurrent.ThreadPoolExecutor.runWorker(ThreadPoolExecutor.java:1144)
at java.base/java.util.concurrent.ThreadPoolExecutor$Worker.run(ThreadPoolExecutor.java:642)
at java.base/java.lang.Thread.run(Thread.java:1570)
... Removed 16 stack frames]]>
    </failure>
  </testcase> <!-- createPatientAndAdmittTest -->
  <testcase classname="com.camcast.HMS.patient.PatientBatchTest" name="patientInfoCheckTest" time="0.863"/>
  <testcase classname="com.camcast.HMS.patient.PatientBatchTest" name="patientOPDdocDetailsTest" time="1.963">
    <failure type="java.lang.AssertionError" message="expected [http://49.249.28.218:8081/AppServer/Health_Care_Hospital_System/admitdf.php?id=%2021] but found [http://49.249.28.218:8081/AppServer/Health_Care_Hospital_System/admitdf.php?id=%209]">
      <![CDATA[java.lang.AssertionError: expected [http://49.249.28.218:8081/AppServer/Health_Care_Hospital_System/admitdf.php?id=%2021] but found [http://49.249.28.218:8081/AppServer/Health_Care_Hospital_System/admitdf.php?id=%209]
at com.camcast.HMS.patient.PatientBatchTest.patientOPDdocDetailsTest(PatientBatchTest.java:107)
at java.base/java.util.ArrayList.forEach(ArrayList.java:1597)
at java.base/java.util.concurrent.FutureTask.run(FutureTask.java:317)
at java.base/java.util.concurrent.ThreadPoolExecutor.runWorker(ThreadPoolExecutor.java:1144)
at java.base/java.util.concurrent.ThreadPoolExecutor$Worker.run(ThreadPoolExecutor.java:642)
at java.base/java.lang.Thread.run(Thread.java:1570)
... Removed 22 stack frames]]>
    </failure>
  </testcase> <!-- patientOPDdocDetailsTest -->
</testsuite> <!-- TestRunner-Chrome -->
